<?xml version="1.0" encoding="UTF-8"?><testsuite errors="0" failures="0" name="Testing different request on the student application" skipped="0" tests="5" time="5.45" timestamp="2023-03-08T23:14:15.539Z[Europe/London]"><testcase name="Check if the student application can be accessed by users"/><testcase name="Create a new student &amp; verify if the student is added"/><testcase name="check if the student info has been updated and verify"/><testcase name="Check if the student id is deleted by id and verify"/></testsuite>